[2023-10-22 10:02:07,238][flwr][INFO] - Starting Flower server, config: ServerConfig(num_rounds=5, round_timeout=None)
[2023-10-22 10:02:07,249][flwr][INFO] - Flower ECE: gRPC server running (5 rounds), SSL is disabled
[2023-10-22 10:02:07,250][flwr][INFO] - Initializing global parameters
[2023-10-22 10:02:07,250][flwr][INFO] - Requesting initial parameters from one random client
[2023-10-22 10:02:10,194][flwr][INFO] - Received initial parameters from one random client
[2023-10-22 10:02:10,194][flwr][INFO] - Evaluating initial parameters
[2023-10-22 10:02:10,194][flwr][INFO] - FL starting
[2023-10-22 10:02:11,549][flwr][DEBUG] - fit_round 1: strategy sampled 2 clients (out of 2)
[2023-10-22 10:02:15,630][flwr][DEBUG] - fit_round 1 received 2 results and 0 failures
[2023-10-22 10:02:15,632][flwr][WARNING] - No fit_metrics_aggregation_fn provided
[2023-10-22 10:02:15,632][flwr][DEBUG] - evaluate_round 1: strategy sampled 2 clients (out of 2)
[2023-10-22 10:02:18,276][flwr][DEBUG] - evaluate_round 1 received 2 results and 0 failures
[2023-10-22 10:02:18,276][flwr][DEBUG] - fit_round 2: strategy sampled 2 clients (out of 2)
[2023-10-22 10:02:22,304][flwr][DEBUG] - fit_round 2 received 2 results and 0 failures
[2023-10-22 10:02:22,304][flwr][DEBUG] - evaluate_round 2: strategy sampled 2 clients (out of 2)
[2023-10-22 10:02:24,945][flwr][DEBUG] - evaluate_round 2 received 2 results and 0 failures
[2023-10-22 10:02:24,945][flwr][DEBUG] - fit_round 3: strategy sampled 2 clients (out of 2)
[2023-10-22 10:02:28,963][flwr][DEBUG] - fit_round 3 received 2 results and 0 failures
[2023-10-22 10:02:28,964][flwr][DEBUG] - evaluate_round 3: strategy sampled 2 clients (out of 2)
[2023-10-22 10:02:31,603][flwr][DEBUG] - evaluate_round 3 received 2 results and 0 failures
[2023-10-22 10:02:31,604][flwr][DEBUG] - fit_round 4: strategy sampled 2 clients (out of 2)
[2023-10-22 10:02:35,621][flwr][DEBUG] - fit_round 4 received 2 results and 0 failures
[2023-10-22 10:02:35,622][flwr][DEBUG] - evaluate_round 4: strategy sampled 2 clients (out of 2)
[2023-10-22 10:02:38,271][flwr][DEBUG] - evaluate_round 4 received 2 results and 0 failures
[2023-10-22 10:02:38,271][flwr][DEBUG] - fit_round 5: strategy sampled 2 clients (out of 2)
[2023-10-22 10:02:42,308][flwr][DEBUG] - fit_round 5 received 2 results and 0 failures
[2023-10-22 10:02:42,308][flwr][DEBUG] - evaluate_round 5: strategy sampled 2 clients (out of 2)
[2023-10-22 10:02:44,945][flwr][DEBUG] - evaluate_round 5 received 2 results and 0 failures
[2023-10-22 10:02:44,945][flwr][INFO] - FL finished in 34.751564584
[2023-10-22 10:02:44,945][flwr][INFO] - app_fit: losses_distributed [(1, 0.4037107527256012), (2, 0.39233189821243286), (3, 0.3846029043197632), (4, 0.3799459636211395), (5, 0.3784387409687042)]
[2023-10-22 10:02:44,945][flwr][INFO] - app_fit: metrics_distributed_fit {}
[2023-10-22 10:02:44,945][flwr][INFO] - app_fit: metrics_distributed {'accuracy': [(1, 0.8525646320310564), (2, 0.8537044684893037), (3, 0.853440158585942), (4, 0.8535062360617824), (5, 0.8542496076649871)]}
[2023-10-22 10:02:44,945][flwr][INFO] - app_fit: losses_centralized []
[2023-10-22 10:02:44,945][flwr][INFO] - app_fit: metrics_centralized {}
