[2023-10-22 10:34:52,323][flwr][INFO] - Starting Flower server, config: ServerConfig(num_rounds=10, round_timeout=None)
[2023-10-22 10:34:52,336][flwr][INFO] - Flower ECE: gRPC server running (10 rounds), SSL is disabled
[2023-10-22 10:34:52,336][flwr][INFO] - Initializing global parameters
[2023-10-22 10:34:52,336][flwr][INFO] - Requesting initial parameters from one random client
[2023-10-22 10:34:53,963][flwr][INFO] - Received initial parameters from one random client
[2023-10-22 10:34:53,963][flwr][INFO] - Evaluating initial parameters
[2023-10-22 10:34:53,963][flwr][INFO] - FL starting
[2023-10-22 10:34:55,167][flwr][DEBUG] - fit_round 1: strategy sampled 2 clients (out of 2)
[2023-10-22 10:34:59,653][flwr][DEBUG] - fit_round 1 received 2 results and 0 failures
[2023-10-22 10:34:59,654][flwr][WARNING] - No fit_metrics_aggregation_fn provided
[2023-10-22 10:34:59,654][flwr][DEBUG] - evaluate_round 1: strategy sampled 2 clients (out of 2)
[2023-10-22 10:35:02,543][flwr][DEBUG] - evaluate_round 1 received 2 results and 0 failures
[2023-10-22 10:35:02,544][flwr][DEBUG] - fit_round 2: strategy sampled 2 clients (out of 2)
[2023-10-22 10:35:06,603][flwr][DEBUG] - fit_round 2 received 2 results and 0 failures
[2023-10-22 10:35:06,604][flwr][DEBUG] - evaluate_round 2: strategy sampled 2 clients (out of 2)
[2023-10-22 10:35:09,248][flwr][DEBUG] - evaluate_round 2 received 2 results and 0 failures
[2023-10-22 10:35:09,248][flwr][DEBUG] - fit_round 3: strategy sampled 2 clients (out of 2)
[2023-10-22 10:35:13,288][flwr][DEBUG] - fit_round 3 received 2 results and 0 failures
[2023-10-22 10:35:13,289][flwr][DEBUG] - evaluate_round 3: strategy sampled 2 clients (out of 2)
[2023-10-22 10:35:15,995][flwr][DEBUG] - evaluate_round 3 received 2 results and 0 failures
[2023-10-22 10:35:15,996][flwr][DEBUG] - fit_round 4: strategy sampled 2 clients (out of 2)
[2023-10-22 10:35:20,355][flwr][DEBUG] - fit_round 4 received 2 results and 0 failures
[2023-10-22 10:35:20,355][flwr][DEBUG] - evaluate_round 4: strategy sampled 2 clients (out of 2)
[2023-10-22 10:35:23,224][flwr][DEBUG] - evaluate_round 4 received 2 results and 0 failures
[2023-10-22 10:35:23,225][flwr][DEBUG] - fit_round 5: strategy sampled 2 clients (out of 2)
[2023-10-22 10:35:27,335][flwr][DEBUG] - fit_round 5 received 2 results and 0 failures
[2023-10-22 10:35:27,335][flwr][DEBUG] - evaluate_round 5: strategy sampled 2 clients (out of 2)
[2023-10-22 10:35:30,065][flwr][DEBUG] - evaluate_round 5 received 2 results and 0 failures
[2023-10-22 10:35:30,065][flwr][DEBUG] - fit_round 6: strategy sampled 2 clients (out of 2)
[2023-10-22 10:35:34,518][flwr][DEBUG] - fit_round 6 received 2 results and 0 failures
[2023-10-22 10:35:34,519][flwr][DEBUG] - evaluate_round 6: strategy sampled 2 clients (out of 2)
[2023-10-22 10:35:37,208][flwr][DEBUG] - evaluate_round 6 received 2 results and 0 failures
[2023-10-22 10:35:37,208][flwr][DEBUG] - fit_round 7: strategy sampled 2 clients (out of 2)
[2023-10-22 10:35:41,254][flwr][DEBUG] - fit_round 7 received 2 results and 0 failures
[2023-10-22 10:35:41,255][flwr][DEBUG] - evaluate_round 7: strategy sampled 2 clients (out of 2)
[2023-10-22 10:35:43,981][flwr][DEBUG] - evaluate_round 7 received 2 results and 0 failures
[2023-10-22 10:35:43,981][flwr][DEBUG] - fit_round 8: strategy sampled 2 clients (out of 2)
[2023-10-22 10:35:48,073][flwr][DEBUG] - fit_round 8 received 2 results and 0 failures
[2023-10-22 10:35:48,074][flwr][DEBUG] - evaluate_round 8: strategy sampled 2 clients (out of 2)
[2023-10-22 10:35:50,798][flwr][DEBUG] - evaluate_round 8 received 2 results and 0 failures
[2023-10-22 10:35:50,798][flwr][DEBUG] - fit_round 9: strategy sampled 2 clients (out of 2)
[2023-10-22 10:35:55,003][flwr][DEBUG] - fit_round 9 received 2 results and 0 failures
[2023-10-22 10:35:55,004][flwr][DEBUG] - evaluate_round 9: strategy sampled 2 clients (out of 2)
[2023-10-22 10:35:57,746][flwr][DEBUG] - evaluate_round 9 received 2 results and 0 failures
[2023-10-22 10:35:57,746][flwr][DEBUG] - fit_round 10: strategy sampled 2 clients (out of 2)
[2023-10-22 10:36:01,777][flwr][DEBUG] - fit_round 10 received 2 results and 0 failures
[2023-10-22 10:36:01,777][flwr][DEBUG] - evaluate_round 10: strategy sampled 2 clients (out of 2)
[2023-10-22 10:36:05,275][flwr][DEBUG] - evaluate_round 10 received 2 results and 0 failures
[2023-10-22 10:36:05,275][flwr][INFO] - FL finished in 71.28101125
[2023-10-22 10:36:05,276][flwr][INFO] - app_fit: losses_distributed [(1, 2.8243579864501953), (2, 2.5441765785217285), (3, 2.2735469341278076), (4, 2.0050742626190186), (5, 1.742796778678894), (6, 1.492014765739441), (7, 1.25760018825531), (8, 1.04518461227417), (9, 0.8628273010253906), (10, 0.714990496635437)]
[2023-10-22 10:36:05,276][flwr][INFO] - app_fit: metrics_distributed_fit {}
[2023-10-22 10:36:05,276][flwr][INFO] - app_fit: metrics_distributed {'accuracy': [(1, 0.14727017427934253), (2, 0.14727017427934253), (3, 0.14727017427934253), (4, 0.14728669364830263), (5, 0.1475179648137441), (6, 0.15090443545056578), (7, 0.17333773849838935), (8, 0.2514247955728091), (9, 0.40784670025605024), (10, 0.5945651276121252)]}
[2023-10-22 10:36:05,276][flwr][INFO] - app_fit: losses_centralized []
[2023-10-22 10:36:05,276][flwr][INFO] - app_fit: metrics_centralized {}
