[2023-10-22 10:15:24,302][flwr][INFO] - Starting Flower server, config: ServerConfig(num_rounds=5, round_timeout=None)
[2023-10-22 10:15:24,319][flwr][INFO] - Flower ECE: gRPC server running (5 rounds), SSL is disabled
[2023-10-22 10:15:24,320][flwr][INFO] - Initializing global parameters
[2023-10-22 10:15:24,320][flwr][INFO] - Requesting initial parameters from one random client
[2023-10-22 10:15:25,643][flwr][INFO] - Received initial parameters from one random client
[2023-10-22 10:15:25,643][flwr][INFO] - Evaluating initial parameters
[2023-10-22 10:15:25,643][flwr][INFO] - FL starting
[2023-10-22 10:15:26,914][flwr][DEBUG] - fit_round 1: strategy sampled 2 clients (out of 2)
[2023-10-22 10:15:31,679][flwr][DEBUG] - fit_round 1 received 2 results and 0 failures
[2023-10-22 10:15:31,681][flwr][WARNING] - No fit_metrics_aggregation_fn provided
[2023-10-22 10:15:31,681][flwr][DEBUG] - evaluate_round 1: strategy sampled 2 clients (out of 2)
[2023-10-22 10:15:34,626][flwr][DEBUG] - evaluate_round 1 received 2 results and 0 failures
[2023-10-22 10:15:34,626][flwr][DEBUG] - fit_round 2: strategy sampled 2 clients (out of 2)
[2023-10-22 10:15:38,901][flwr][DEBUG] - fit_round 2 received 2 results and 0 failures
[2023-10-22 10:15:38,902][flwr][DEBUG] - evaluate_round 2: strategy sampled 2 clients (out of 2)
[2023-10-22 10:15:41,689][flwr][DEBUG] - evaluate_round 2 received 2 results and 0 failures
[2023-10-22 10:15:41,689][flwr][DEBUG] - fit_round 3: strategy sampled 2 clients (out of 2)
[2023-10-22 10:15:46,299][flwr][DEBUG] - fit_round 3 received 2 results and 0 failures
[2023-10-22 10:15:46,300][flwr][DEBUG] - evaluate_round 3: strategy sampled 2 clients (out of 2)
[2023-10-22 10:15:49,459][flwr][DEBUG] - evaluate_round 3 received 2 results and 0 failures
[2023-10-22 10:15:49,459][flwr][DEBUG] - fit_round 4: strategy sampled 2 clients (out of 2)
[2023-10-22 10:15:53,764][flwr][DEBUG] - fit_round 4 received 2 results and 0 failures
[2023-10-22 10:15:53,764][flwr][DEBUG] - evaluate_round 4: strategy sampled 2 clients (out of 2)
[2023-10-22 10:15:56,606][flwr][DEBUG] - evaluate_round 4 received 2 results and 0 failures
[2023-10-22 10:15:56,606][flwr][DEBUG] - fit_round 5: strategy sampled 2 clients (out of 2)
[2023-10-22 10:16:00,765][flwr][DEBUG] - fit_round 5 received 2 results and 0 failures
[2023-10-22 10:16:00,765][flwr][DEBUG] - evaluate_round 5: strategy sampled 2 clients (out of 2)
[2023-10-22 10:16:03,602][flwr][DEBUG] - evaluate_round 5 received 2 results and 0 failures
[2023-10-22 10:16:03,603][flwr][INFO] - FL finished in 37.95969525
[2023-10-22 10:16:03,604][flwr][INFO] - app_fit: losses_distributed [(1, 2.3792428970336914), (2, 1.7879449129104614), (3, 1.3269057273864746), (4, 0.9782801270484924), (5, 0.7342132329940796)]
[2023-10-22 10:16:03,604][flwr][INFO] - app_fit: metrics_distributed_fit {}
[2023-10-22 10:16:03,604][flwr][INFO] - app_fit: metrics_distributed {'accuracy': [(1, 0.1509705129264062), (2, 0.18315024366069216), (3, 0.2086561493350954), (4, 0.26155116874535395), (5, 0.555463781283555)]}
[2023-10-22 10:16:03,604][flwr][INFO] - app_fit: losses_centralized []
[2023-10-22 10:16:03,604][flwr][INFO] - app_fit: metrics_centralized {}
