[2023-10-22 10:04:56,493][flwr][INFO] - Starting Flower server, config: ServerConfig(num_rounds=5, round_timeout=None)
[2023-10-22 10:04:56,505][flwr][INFO] - Flower ECE: gRPC server running (5 rounds), SSL is disabled
[2023-10-22 10:04:56,506][flwr][INFO] - Initializing global parameters
[2023-10-22 10:04:56,506][flwr][INFO] - Requesting initial parameters from one random client
[2023-10-22 10:04:59,617][flwr][INFO] - Received initial parameters from one random client
[2023-10-22 10:04:59,617][flwr][INFO] - Evaluating initial parameters
[2023-10-22 10:04:59,617][flwr][INFO] - FL starting
[2023-10-22 10:05:00,985][flwr][DEBUG] - fit_round 1: strategy sampled 2 clients (out of 2)
[2023-10-22 10:05:05,160][flwr][DEBUG] - fit_round 1 received 2 results and 0 failures
[2023-10-22 10:05:05,161][flwr][WARNING] - No fit_metrics_aggregation_fn provided
[2023-10-22 10:05:05,161][flwr][DEBUG] - evaluate_round 1: strategy sampled 2 clients (out of 2)
[2023-10-22 10:05:07,918][flwr][DEBUG] - evaluate_round 1 received 2 results and 0 failures
[2023-10-22 10:05:07,918][flwr][DEBUG] - fit_round 2: strategy sampled 2 clients (out of 2)
[2023-10-22 10:05:12,019][flwr][DEBUG] - fit_round 2 received 2 results and 0 failures
[2023-10-22 10:05:12,019][flwr][DEBUG] - evaluate_round 2: strategy sampled 2 clients (out of 2)
[2023-10-22 10:05:14,753][flwr][DEBUG] - evaluate_round 2 received 2 results and 0 failures
[2023-10-22 10:05:14,753][flwr][DEBUG] - fit_round 3: strategy sampled 2 clients (out of 2)
[2023-10-22 10:05:18,836][flwr][DEBUG] - fit_round 3 received 2 results and 0 failures
[2023-10-22 10:05:18,836][flwr][DEBUG] - evaluate_round 3: strategy sampled 2 clients (out of 2)
[2023-10-22 10:05:21,638][flwr][DEBUG] - evaluate_round 3 received 2 results and 0 failures
[2023-10-22 10:05:21,638][flwr][DEBUG] - fit_round 4: strategy sampled 2 clients (out of 2)
[2023-10-22 10:05:25,728][flwr][DEBUG] - fit_round 4 received 2 results and 0 failures
[2023-10-22 10:05:25,729][flwr][DEBUG] - evaluate_round 4: strategy sampled 2 clients (out of 2)
[2023-10-22 10:05:28,484][flwr][DEBUG] - evaluate_round 4 received 2 results and 0 failures
[2023-10-22 10:05:28,484][flwr][DEBUG] - fit_round 5: strategy sampled 2 clients (out of 2)
[2023-10-22 10:05:32,566][flwr][DEBUG] - fit_round 5 received 2 results and 0 failures
[2023-10-22 10:05:32,566][flwr][DEBUG] - evaluate_round 5: strategy sampled 2 clients (out of 2)
[2023-10-22 10:05:35,300][flwr][DEBUG] - evaluate_round 5 received 2 results and 0 failures
[2023-10-22 10:05:35,300][flwr][INFO] - FL finished in 35.683217541999994
[2023-10-22 10:05:35,300][flwr][INFO] - app_fit: losses_distributed [(1, 0.5002817511558533), (2, 0.39586764574050903), (3, 0.36831218004226685), (4, 0.35158851742744446), (5, 0.3395889699459076)]
[2023-10-22 10:05:35,300][flwr][INFO] - app_fit: metrics_distributed_fit {}
[2023-10-22 10:05:35,300][flwr][INFO] - app_fit: metrics_distributed {'accuracy': [(1, 0.8496241843561576), (2, 0.8502519203766415), (3, 0.8512265631452879), (4, 0.8525646320310564), (5, 0.8532088874205005)]}
[2023-10-22 10:05:35,300][flwr][INFO] - app_fit: losses_centralized []
[2023-10-22 10:05:35,300][flwr][INFO] - app_fit: metrics_centralized {}
