[2023-10-23 10:04:12,186][flwr][INFO] - Starting Flower server, config: ServerConfig(num_rounds=10, round_timeout=None)
[2023-10-23 10:04:12,197][flwr][INFO] - Flower ECE: gRPC server running (10 rounds), SSL is disabled
[2023-10-23 10:04:12,197][flwr][INFO] - Initializing global parameters
[2023-10-23 10:04:12,197][flwr][INFO] - Requesting initial parameters from one random client
[2023-10-23 10:04:15,036][flwr][INFO] - Received initial parameters from one random client
[2023-10-23 10:04:15,036][flwr][INFO] - Evaluating initial parameters
[2023-10-23 10:04:15,036][flwr][INFO] - FL starting
[2023-10-23 10:04:17,214][flwr][DEBUG] - fit_round 1: strategy sampled 2 clients (out of 2)
[2023-10-23 10:04:21,245][flwr][DEBUG] - fit_round 1 received 2 results and 0 failures
[2023-10-23 10:04:21,246][flwr][WARNING] - No fit_metrics_aggregation_fn provided
[2023-10-23 10:04:21,247][flwr][DEBUG] - evaluate_round 1: strategy sampled 2 clients (out of 2)
[2023-10-23 10:04:24,134][flwr][DEBUG] - evaluate_round 1 received 2 results and 0 failures
[2023-10-23 10:04:24,134][flwr][DEBUG] - fit_round 2: strategy sampled 2 clients (out of 2)
[2023-10-23 10:04:28,179][flwr][DEBUG] - fit_round 2 received 2 results and 0 failures
[2023-10-23 10:04:28,179][flwr][DEBUG] - evaluate_round 2: strategy sampled 2 clients (out of 2)
[2023-10-23 10:04:30,857][flwr][DEBUG] - evaluate_round 2 received 2 results and 0 failures
[2023-10-23 10:04:30,857][flwr][DEBUG] - fit_round 3: strategy sampled 2 clients (out of 2)
[2023-10-23 10:04:34,952][flwr][DEBUG] - fit_round 3 received 2 results and 0 failures
[2023-10-23 10:04:34,953][flwr][DEBUG] - evaluate_round 3: strategy sampled 2 clients (out of 2)
[2023-10-23 10:04:37,620][flwr][DEBUG] - evaluate_round 3 received 2 results and 0 failures
[2023-10-23 10:04:37,620][flwr][DEBUG] - fit_round 4: strategy sampled 2 clients (out of 2)
[2023-10-23 10:04:41,596][flwr][DEBUG] - fit_round 4 received 2 results and 0 failures
[2023-10-23 10:04:41,597][flwr][DEBUG] - evaluate_round 4: strategy sampled 2 clients (out of 2)
[2023-10-23 10:04:44,263][flwr][DEBUG] - evaluate_round 4 received 2 results and 0 failures
[2023-10-23 10:04:44,264][flwr][DEBUG] - fit_round 5: strategy sampled 2 clients (out of 2)
[2023-10-23 10:04:48,342][flwr][DEBUG] - fit_round 5 received 2 results and 0 failures
[2023-10-23 10:04:48,342][flwr][DEBUG] - evaluate_round 5: strategy sampled 2 clients (out of 2)
[2023-10-23 10:04:51,035][flwr][DEBUG] - evaluate_round 5 received 2 results and 0 failures
[2023-10-23 10:04:51,035][flwr][DEBUG] - fit_round 6: strategy sampled 2 clients (out of 2)
[2023-10-23 10:04:55,055][flwr][DEBUG] - fit_round 6 received 2 results and 0 failures
[2023-10-23 10:04:55,056][flwr][DEBUG] - evaluate_round 6: strategy sampled 2 clients (out of 2)
[2023-10-23 10:04:57,688][flwr][DEBUG] - evaluate_round 6 received 2 results and 0 failures
[2023-10-23 10:04:57,688][flwr][DEBUG] - fit_round 7: strategy sampled 2 clients (out of 2)
[2023-10-23 10:05:01,695][flwr][DEBUG] - fit_round 7 received 2 results and 0 failures
[2023-10-23 10:05:01,695][flwr][DEBUG] - evaluate_round 7: strategy sampled 2 clients (out of 2)
[2023-10-23 10:05:04,390][flwr][DEBUG] - evaluate_round 7 received 2 results and 0 failures
[2023-10-23 10:05:04,390][flwr][DEBUG] - fit_round 8: strategy sampled 2 clients (out of 2)
[2023-10-23 10:05:08,336][flwr][DEBUG] - fit_round 8 received 2 results and 0 failures
[2023-10-23 10:05:08,336][flwr][DEBUG] - evaluate_round 8: strategy sampled 2 clients (out of 2)
[2023-10-23 10:05:11,025][flwr][DEBUG] - evaluate_round 8 received 2 results and 0 failures
[2023-10-23 10:05:11,026][flwr][DEBUG] - fit_round 9: strategy sampled 2 clients (out of 2)
[2023-10-23 10:05:15,011][flwr][DEBUG] - fit_round 9 received 2 results and 0 failures
[2023-10-23 10:05:15,012][flwr][DEBUG] - evaluate_round 9: strategy sampled 2 clients (out of 2)
[2023-10-23 10:05:17,868][flwr][DEBUG] - evaluate_round 9 received 2 results and 0 failures
[2023-10-23 10:05:17,869][flwr][DEBUG] - fit_round 10: strategy sampled 2 clients (out of 2)
[2023-10-23 10:05:22,295][flwr][DEBUG] - fit_round 10 received 2 results and 0 failures
[2023-10-23 10:05:22,297][flwr][DEBUG] - evaluate_round 10: strategy sampled 2 clients (out of 2)
[2023-10-23 10:05:25,022][flwr][DEBUG] - evaluate_round 10 received 2 results and 0 failures
[2023-10-23 10:05:25,022][flwr][INFO] - FL finished in 69.986344792
[2023-10-23 10:05:25,023][flwr][INFO] - app_fit: losses_distributed [(1, 2.655294418334961), (2, 2.222186803817749), (3, 1.798628330230713), (4, 1.4011310338974), (5, 1.051135540008545), (6, 0.7757370471954346), (7, 0.5905201435089111), (8, 0.48474177718162537), (9, 0.4358680546283722), (10, 0.41584673523902893)]
[2023-10-23 10:05:25,023][flwr][INFO] - app_fit: metrics_distributed_fit {}
[2023-10-23 10:05:25,023][flwr][INFO] - app_fit: metrics_distributed {'accuracy': [(1, 0.14727017427934253), (2, 0.14727017427934253), (3, 0.14735277112414305), (4, 0.15562897497315603), (5, 0.2480548443049476), (6, 0.5145948624762534), (7, 0.7472701742793425), (8, 0.8281655240769803), (9, 0.8476418600809449), (10, 0.8513752374659288)]}
[2023-10-23 10:05:25,023][flwr][INFO] - app_fit: losses_centralized []
[2023-10-23 10:05:25,023][flwr][INFO] - app_fit: metrics_centralized {}
