[2023-10-22 10:08:52,637][flwr][INFO] - Starting Flower server, config: ServerConfig(num_rounds=5, round_timeout=None)
[2023-10-22 10:08:52,650][flwr][INFO] - Flower ECE: gRPC server running (5 rounds), SSL is disabled
[2023-10-22 10:08:52,651][flwr][INFO] - Initializing global parameters
[2023-10-22 10:08:52,651][flwr][INFO] - Requesting initial parameters from one random client
[2023-10-22 10:08:55,018][flwr][INFO] - Received initial parameters from one random client
[2023-10-22 10:08:55,018][flwr][INFO] - Evaluating initial parameters
[2023-10-22 10:08:55,018][flwr][INFO] - FL starting
[2023-10-22 10:08:56,947][flwr][DEBUG] - fit_round 1: strategy sampled 2 clients (out of 2)
[2023-10-22 10:09:01,803][flwr][DEBUG] - fit_round 1 received 2 results and 0 failures
[2023-10-22 10:09:01,804][flwr][WARNING] - No fit_metrics_aggregation_fn provided
[2023-10-22 10:09:01,804][flwr][DEBUG] - evaluate_round 1: strategy sampled 2 clients (out of 2)
[2023-10-22 10:09:04,761][flwr][DEBUG] - evaluate_round 1 received 2 results and 0 failures
[2023-10-22 10:09:04,761][flwr][DEBUG] - fit_round 2: strategy sampled 2 clients (out of 2)
[2023-10-22 10:09:08,847][flwr][DEBUG] - fit_round 2 received 2 results and 0 failures
[2023-10-22 10:09:08,848][flwr][DEBUG] - evaluate_round 2: strategy sampled 2 clients (out of 2)
[2023-10-22 10:09:12,144][flwr][DEBUG] - evaluate_round 2 received 2 results and 0 failures
[2023-10-22 10:09:12,144][flwr][DEBUG] - fit_round 3: strategy sampled 2 clients (out of 2)
[2023-10-22 10:09:16,646][flwr][DEBUG] - fit_round 3 received 2 results and 0 failures
[2023-10-22 10:09:16,647][flwr][DEBUG] - evaluate_round 3: strategy sampled 2 clients (out of 2)
[2023-10-22 10:09:19,466][flwr][DEBUG] - evaluate_round 3 received 2 results and 0 failures
[2023-10-22 10:09:19,466][flwr][DEBUG] - fit_round 4: strategy sampled 2 clients (out of 2)
[2023-10-22 10:09:23,643][flwr][DEBUG] - fit_round 4 received 2 results and 0 failures
[2023-10-22 10:09:23,644][flwr][DEBUG] - evaluate_round 4: strategy sampled 2 clients (out of 2)
[2023-10-22 10:09:26,371][flwr][DEBUG] - evaluate_round 4 received 2 results and 0 failures
[2023-10-22 10:09:26,371][flwr][DEBUG] - fit_round 5: strategy sampled 2 clients (out of 2)
[2023-10-22 10:09:30,455][flwr][DEBUG] - fit_round 5 received 2 results and 0 failures
[2023-10-22 10:09:30,455][flwr][DEBUG] - evaluate_round 5: strategy sampled 2 clients (out of 2)
[2023-10-22 10:09:33,184][flwr][DEBUG] - evaluate_round 5 received 2 results and 0 failures
[2023-10-22 10:09:33,184][flwr][INFO] - FL finished in 38.127201792
[2023-10-22 10:09:33,185][flwr][INFO] - app_fit: losses_distributed [(1, 0.5573210120201111), (2, 0.5260432958602905), (3, 0.5035398602485657), (4, 0.485080361366272), (5, 0.46893471479415894)]
[2023-10-22 10:09:33,185][flwr][INFO] - app_fit: metrics_distributed_fit {}
[2023-10-22 10:09:33,185][flwr][INFO] - app_fit: metrics_distributed {'accuracy': [(1, 0.8067068637978029), (2, 0.8392830593871314), (3, 0.8484513091599901), (4, 0.8509787726108863), (5, 0.8519203766416122)]}
[2023-10-22 10:09:33,185][flwr][INFO] - app_fit: losses_centralized []
[2023-10-22 10:09:33,185][flwr][INFO] - app_fit: metrics_centralized {}
