[2023-10-22 10:20:15,332][flwr][INFO] - Starting Flower server, config: ServerConfig(num_rounds=10, round_timeout=None)
[2023-10-22 10:20:15,347][flwr][INFO] - Flower ECE: gRPC server running (10 rounds), SSL is disabled
[2023-10-22 10:20:15,347][flwr][INFO] - Initializing global parameters
[2023-10-22 10:20:15,347][flwr][INFO] - Requesting initial parameters from one random client
[2023-10-22 10:20:24,114][flwr][INFO] - Received initial parameters from one random client
[2023-10-22 10:20:24,114][flwr][INFO] - Evaluating initial parameters
[2023-10-22 10:20:24,114][flwr][INFO] - FL starting
[2023-10-22 10:20:25,939][flwr][DEBUG] - fit_round 1: strategy sampled 2 clients (out of 2)
[2023-10-22 10:20:30,201][flwr][DEBUG] - fit_round 1 received 2 results and 0 failures
[2023-10-22 10:20:30,201][flwr][WARNING] - No fit_metrics_aggregation_fn provided
[2023-10-22 10:20:30,201][flwr][DEBUG] - evaluate_round 1: strategy sampled 2 clients (out of 2)
[2023-10-22 10:20:32,927][flwr][DEBUG] - evaluate_round 1 received 2 results and 0 failures
[2023-10-22 10:20:32,928][flwr][DEBUG] - fit_round 2: strategy sampled 2 clients (out of 2)
[2023-10-22 10:20:37,137][flwr][DEBUG] - fit_round 2 received 2 results and 0 failures
[2023-10-22 10:20:37,137][flwr][DEBUG] - evaluate_round 2: strategy sampled 2 clients (out of 2)
[2023-10-22 10:20:39,895][flwr][DEBUG] - evaluate_round 2 received 2 results and 0 failures
[2023-10-22 10:20:39,895][flwr][DEBUG] - fit_round 3: strategy sampled 2 clients (out of 2)
[2023-10-22 10:20:44,061][flwr][DEBUG] - fit_round 3 received 2 results and 0 failures
[2023-10-22 10:20:44,062][flwr][DEBUG] - evaluate_round 3: strategy sampled 2 clients (out of 2)
[2023-10-22 10:20:46,849][flwr][DEBUG] - evaluate_round 3 received 2 results and 0 failures
[2023-10-22 10:20:46,849][flwr][DEBUG] - fit_round 4: strategy sampled 2 clients (out of 2)
[2023-10-22 10:20:51,224][flwr][DEBUG] - fit_round 4 received 2 results and 0 failures
[2023-10-22 10:20:51,225][flwr][DEBUG] - evaluate_round 4: strategy sampled 2 clients (out of 2)
[2023-10-22 10:20:53,996][flwr][DEBUG] - evaluate_round 4 received 2 results and 0 failures
[2023-10-22 10:20:53,996][flwr][DEBUG] - fit_round 5: strategy sampled 2 clients (out of 2)
[2023-10-22 10:20:58,137][flwr][DEBUG] - fit_round 5 received 2 results and 0 failures
[2023-10-22 10:20:58,137][flwr][DEBUG] - evaluate_round 5: strategy sampled 2 clients (out of 2)
[2023-10-22 10:21:00,923][flwr][DEBUG] - evaluate_round 5 received 2 results and 0 failures
[2023-10-22 10:21:00,923][flwr][DEBUG] - fit_round 6: strategy sampled 2 clients (out of 2)
[2023-10-22 10:21:05,084][flwr][DEBUG] - fit_round 6 received 2 results and 0 failures
[2023-10-22 10:21:05,085][flwr][DEBUG] - evaluate_round 6: strategy sampled 2 clients (out of 2)
[2023-10-22 10:21:07,863][flwr][DEBUG] - evaluate_round 6 received 2 results and 0 failures
[2023-10-22 10:21:07,864][flwr][DEBUG] - fit_round 7: strategy sampled 2 clients (out of 2)
[2023-10-22 10:21:12,131][flwr][DEBUG] - fit_round 7 received 2 results and 0 failures
[2023-10-22 10:21:12,131][flwr][DEBUG] - evaluate_round 7: strategy sampled 2 clients (out of 2)
[2023-10-22 10:21:14,929][flwr][DEBUG] - evaluate_round 7 received 2 results and 0 failures
[2023-10-22 10:21:14,929][flwr][DEBUG] - fit_round 8: strategy sampled 2 clients (out of 2)
[2023-10-22 10:21:19,003][flwr][DEBUG] - fit_round 8 received 2 results and 0 failures
[2023-10-22 10:21:19,003][flwr][DEBUG] - evaluate_round 8: strategy sampled 2 clients (out of 2)
[2023-10-22 10:21:21,758][flwr][DEBUG] - evaluate_round 8 received 2 results and 0 failures
[2023-10-22 10:21:21,758][flwr][DEBUG] - fit_round 9: strategy sampled 2 clients (out of 2)
[2023-10-22 10:21:26,097][flwr][DEBUG] - fit_round 9 received 2 results and 0 failures
[2023-10-22 10:21:26,099][flwr][DEBUG] - evaluate_round 9: strategy sampled 2 clients (out of 2)
[2023-10-22 10:21:28,941][flwr][DEBUG] - evaluate_round 9 received 2 results and 0 failures
[2023-10-22 10:21:28,941][flwr][DEBUG] - fit_round 10: strategy sampled 2 clients (out of 2)
[2023-10-22 10:21:33,099][flwr][DEBUG] - fit_round 10 received 2 results and 0 failures
[2023-10-22 10:21:33,099][flwr][DEBUG] - evaluate_round 10: strategy sampled 2 clients (out of 2)
[2023-10-22 10:21:35,950][flwr][DEBUG] - evaluate_round 10 received 2 results and 0 failures
[2023-10-22 10:21:35,950][flwr][INFO] - FL finished in 71.836202917
[2023-10-22 10:21:35,951][flwr][INFO] - app_fit: losses_distributed [(1, 0.5436171293258667), (2, 0.4928491711616516), (3, 0.465030699968338), (4, 0.45293936133384705), (5, 0.4500376284122467), (6, 0.44585883617401123), (7, 0.4433560371398926), (8, 0.44069117307662964), (9, 0.43843594193458557), (10, 0.43633660674095154)]
[2023-10-22 10:21:35,951][flwr][INFO] - app_fit: metrics_distributed_fit {}
[2023-10-22 10:21:35,951][flwr][INFO] - app_fit: metrics_distributed {'accuracy': [(1, 0.8438919633270009), (2, 0.8523003221276947), (3, 0.8527298257206575), (4, 0.8527298257206575), (5, 0.8527298257206575), (6, 0.8527298257206575), (7, 0.8527298257206575), (8, 0.8527298257206575), (9, 0.8527298257206575), (10, 0.8527298257206575)]}
[2023-10-22 10:21:35,951][flwr][INFO] - app_fit: losses_centralized []
[2023-10-22 10:21:35,951][flwr][INFO] - app_fit: metrics_centralized {}
