[2023-10-22 10:38:32,302][flwr][INFO] - Starting Flower server, config: ServerConfig(num_rounds=10, round_timeout=None)
[2023-10-22 10:38:32,317][flwr][INFO] - Flower ECE: gRPC server running (10 rounds), SSL is disabled
[2023-10-22 10:38:32,317][flwr][INFO] - Initializing global parameters
[2023-10-22 10:38:32,317][flwr][INFO] - Requesting initial parameters from one random client
[2023-10-22 10:38:34,481][flwr][INFO] - Received initial parameters from one random client
[2023-10-22 10:38:34,481][flwr][INFO] - Evaluating initial parameters
[2023-10-22 10:38:34,481][flwr][INFO] - FL starting
[2023-10-22 10:38:36,423][flwr][DEBUG] - fit_round 1: strategy sampled 2 clients (out of 2)
[2023-10-22 10:38:40,570][flwr][DEBUG] - fit_round 1 received 2 results and 0 failures
[2023-10-22 10:38:40,571][flwr][WARNING] - No fit_metrics_aggregation_fn provided
[2023-10-22 10:38:40,571][flwr][DEBUG] - evaluate_round 1: strategy sampled 2 clients (out of 2)
[2023-10-22 10:38:43,310][flwr][DEBUG] - evaluate_round 1 received 2 results and 0 failures
[2023-10-22 10:38:43,311][flwr][DEBUG] - fit_round 2: strategy sampled 2 clients (out of 2)
[2023-10-22 10:38:47,364][flwr][DEBUG] - fit_round 2 received 2 results and 0 failures
[2023-10-22 10:38:47,364][flwr][DEBUG] - evaluate_round 2: strategy sampled 2 clients (out of 2)
[2023-10-22 10:38:50,099][flwr][DEBUG] - evaluate_round 2 received 2 results and 0 failures
[2023-10-22 10:38:50,099][flwr][DEBUG] - fit_round 3: strategy sampled 2 clients (out of 2)
[2023-10-22 10:38:54,104][flwr][DEBUG] - fit_round 3 received 2 results and 0 failures
[2023-10-22 10:38:54,105][flwr][DEBUG] - evaluate_round 3: strategy sampled 2 clients (out of 2)
[2023-10-22 10:38:56,852][flwr][DEBUG] - evaluate_round 3 received 2 results and 0 failures
[2023-10-22 10:38:56,852][flwr][DEBUG] - fit_round 4: strategy sampled 2 clients (out of 2)
[2023-10-22 10:39:00,858][flwr][DEBUG] - fit_round 4 received 2 results and 0 failures
[2023-10-22 10:39:00,858][flwr][DEBUG] - evaluate_round 4: strategy sampled 2 clients (out of 2)
[2023-10-22 10:39:03,578][flwr][DEBUG] - evaluate_round 4 received 2 results and 0 failures
[2023-10-22 10:39:03,579][flwr][DEBUG] - fit_round 5: strategy sampled 2 clients (out of 2)
[2023-10-22 10:39:07,664][flwr][DEBUG] - fit_round 5 received 2 results and 0 failures
[2023-10-22 10:39:07,664][flwr][DEBUG] - evaluate_round 5: strategy sampled 2 clients (out of 2)
[2023-10-22 10:39:10,349][flwr][DEBUG] - evaluate_round 5 received 2 results and 0 failures
[2023-10-22 10:39:10,349][flwr][DEBUG] - fit_round 6: strategy sampled 2 clients (out of 2)
[2023-10-22 10:39:14,363][flwr][DEBUG] - fit_round 6 received 2 results and 0 failures
[2023-10-22 10:39:14,363][flwr][DEBUG] - evaluate_round 6: strategy sampled 2 clients (out of 2)
[2023-10-22 10:39:17,077][flwr][DEBUG] - evaluate_round 6 received 2 results and 0 failures
[2023-10-22 10:39:17,077][flwr][DEBUG] - fit_round 7: strategy sampled 2 clients (out of 2)
[2023-10-22 10:39:21,156][flwr][DEBUG] - fit_round 7 received 2 results and 0 failures
[2023-10-22 10:39:21,156][flwr][DEBUG] - evaluate_round 7: strategy sampled 2 clients (out of 2)
[2023-10-22 10:39:23,941][flwr][DEBUG] - evaluate_round 7 received 2 results and 0 failures
[2023-10-22 10:39:23,942][flwr][DEBUG] - fit_round 8: strategy sampled 2 clients (out of 2)
[2023-10-22 10:39:28,080][flwr][DEBUG] - fit_round 8 received 2 results and 0 failures
[2023-10-22 10:39:28,081][flwr][DEBUG] - evaluate_round 8: strategy sampled 2 clients (out of 2)
[2023-10-22 10:39:30,778][flwr][DEBUG] - evaluate_round 8 received 2 results and 0 failures
[2023-10-22 10:39:30,779][flwr][DEBUG] - fit_round 9: strategy sampled 2 clients (out of 2)
[2023-10-22 10:39:34,886][flwr][DEBUG] - fit_round 9 received 2 results and 0 failures
[2023-10-22 10:39:34,886][flwr][DEBUG] - evaluate_round 9: strategy sampled 2 clients (out of 2)
[2023-10-22 10:39:37,558][flwr][DEBUG] - evaluate_round 9 received 2 results and 0 failures
[2023-10-22 10:39:37,558][flwr][DEBUG] - fit_round 10: strategy sampled 2 clients (out of 2)
[2023-10-22 10:39:41,630][flwr][DEBUG] - fit_round 10 received 2 results and 0 failures
[2023-10-22 10:39:41,630][flwr][DEBUG] - evaluate_round 10: strategy sampled 2 clients (out of 2)
[2023-10-22 10:39:44,306][flwr][DEBUG] - evaluate_round 10 received 2 results and 0 failures
[2023-10-22 10:39:44,306][flwr][INFO] - FL finished in 69.82453749999999
[2023-10-22 10:39:44,307][flwr][INFO] - app_fit: losses_distributed [(1, 2.433760166168213), (2, 1.8510061502456665), (3, 1.3110448122024536), (4, 0.8751547932624817), (5, 0.6007508635520935), (6, 0.4871947467327118), (7, 0.4553287923336029), (8, 0.4343809485435486), (9, 0.4198192059993744), (10, 0.4102531969547272)]
[2023-10-22 10:39:44,307][flwr][INFO] - app_fit: metrics_distributed_fit {}
[2023-10-22 10:39:44,307][flwr][INFO] - app_fit: metrics_distributed {'accuracy': [(1, 0.14727017427934253), (2, 0.14728669364830263), (3, 0.16038655323366646), (4, 0.3733872966052697), (5, 0.7308994796398778), (6, 0.8355662013711076), (7, 0.8507475014454448), (8, 0.8513752374659288), (9, 0.8517882216899314), (10, 0.8516065086313703)]}
[2023-10-22 10:39:44,307][flwr][INFO] - app_fit: losses_centralized []
[2023-10-22 10:39:44,307][flwr][INFO] - app_fit: metrics_centralized {}
