[2023-10-22 10:18:27,472][flwr][INFO] - Starting Flower server, config: ServerConfig(num_rounds=10, round_timeout=None)
[2023-10-22 10:18:27,484][flwr][INFO] - Flower ECE: gRPC server running (10 rounds), SSL is disabled
[2023-10-22 10:18:27,484][flwr][INFO] - Initializing global parameters
[2023-10-22 10:18:27,485][flwr][INFO] - Requesting initial parameters from one random client
[2023-10-22 10:18:29,099][flwr][INFO] - Received initial parameters from one random client
[2023-10-22 10:18:29,099][flwr][INFO] - Evaluating initial parameters
[2023-10-22 10:18:29,099][flwr][INFO] - FL starting
[2023-10-22 10:18:30,809][flwr][DEBUG] - fit_round 1: strategy sampled 2 clients (out of 2)
[2023-10-22 10:18:35,003][flwr][DEBUG] - fit_round 1 received 2 results and 0 failures
[2023-10-22 10:18:35,004][flwr][WARNING] - No fit_metrics_aggregation_fn provided
[2023-10-22 10:18:35,004][flwr][DEBUG] - evaluate_round 1: strategy sampled 2 clients (out of 2)
[2023-10-22 10:18:37,796][flwr][DEBUG] - evaluate_round 1 received 2 results and 0 failures
[2023-10-22 10:18:37,797][flwr][DEBUG] - fit_round 2: strategy sampled 2 clients (out of 2)
[2023-10-22 10:18:41,999][flwr][DEBUG] - fit_round 2 received 2 results and 0 failures
[2023-10-22 10:18:41,999][flwr][DEBUG] - evaluate_round 2: strategy sampled 2 clients (out of 2)
[2023-10-22 10:18:44,719][flwr][DEBUG] - evaluate_round 2 received 2 results and 0 failures
[2023-10-22 10:18:44,719][flwr][DEBUG] - fit_round 3: strategy sampled 2 clients (out of 2)
[2023-10-22 10:18:48,940][flwr][DEBUG] - fit_round 3 received 2 results and 0 failures
[2023-10-22 10:18:48,941][flwr][DEBUG] - evaluate_round 3: strategy sampled 2 clients (out of 2)
[2023-10-22 10:18:51,669][flwr][DEBUG] - evaluate_round 3 received 2 results and 0 failures
[2023-10-22 10:18:51,670][flwr][DEBUG] - fit_round 4: strategy sampled 2 clients (out of 2)
[2023-10-22 10:18:55,806][flwr][DEBUG] - fit_round 4 received 2 results and 0 failures
[2023-10-22 10:18:55,806][flwr][DEBUG] - evaluate_round 4: strategy sampled 2 clients (out of 2)
[2023-10-22 10:18:58,610][flwr][DEBUG] - evaluate_round 4 received 2 results and 0 failures
[2023-10-22 10:18:58,610][flwr][DEBUG] - fit_round 5: strategy sampled 2 clients (out of 2)
[2023-10-22 10:19:02,702][flwr][DEBUG] - fit_round 5 received 2 results and 0 failures
[2023-10-22 10:19:02,703][flwr][DEBUG] - evaluate_round 5: strategy sampled 2 clients (out of 2)
[2023-10-22 10:19:05,472][flwr][DEBUG] - evaluate_round 5 received 2 results and 0 failures
[2023-10-22 10:19:05,472][flwr][DEBUG] - fit_round 6: strategy sampled 2 clients (out of 2)
[2023-10-22 10:19:09,549][flwr][DEBUG] - fit_round 6 received 2 results and 0 failures
[2023-10-22 10:19:09,549][flwr][DEBUG] - evaluate_round 6: strategy sampled 2 clients (out of 2)
[2023-10-22 10:19:12,431][flwr][DEBUG] - evaluate_round 6 received 2 results and 0 failures
[2023-10-22 10:19:12,432][flwr][DEBUG] - fit_round 7: strategy sampled 2 clients (out of 2)
[2023-10-22 10:19:16,526][flwr][DEBUG] - fit_round 7 received 2 results and 0 failures
[2023-10-22 10:19:16,527][flwr][DEBUG] - evaluate_round 7: strategy sampled 2 clients (out of 2)
[2023-10-22 10:19:19,300][flwr][DEBUG] - evaluate_round 7 received 2 results and 0 failures
[2023-10-22 10:19:19,300][flwr][DEBUG] - fit_round 8: strategy sampled 2 clients (out of 2)
[2023-10-22 10:19:23,457][flwr][DEBUG] - fit_round 8 received 2 results and 0 failures
[2023-10-22 10:19:23,457][flwr][DEBUG] - evaluate_round 8: strategy sampled 2 clients (out of 2)
[2023-10-22 10:19:26,181][flwr][DEBUG] - evaluate_round 8 received 2 results and 0 failures
[2023-10-22 10:19:26,182][flwr][DEBUG] - fit_round 9: strategy sampled 2 clients (out of 2)
[2023-10-22 10:19:30,332][flwr][DEBUG] - fit_round 9 received 2 results and 0 failures
[2023-10-22 10:19:30,333][flwr][DEBUG] - evaluate_round 9: strategy sampled 2 clients (out of 2)
[2023-10-22 10:19:33,084][flwr][DEBUG] - evaluate_round 9 received 2 results and 0 failures
[2023-10-22 10:19:33,084][flwr][DEBUG] - fit_round 10: strategy sampled 2 clients (out of 2)
[2023-10-22 10:19:37,225][flwr][DEBUG] - fit_round 10 received 2 results and 0 failures
[2023-10-22 10:19:37,227][flwr][DEBUG] - evaluate_round 10: strategy sampled 2 clients (out of 2)
[2023-10-22 10:19:39,983][flwr][DEBUG] - evaluate_round 10 received 2 results and 0 failures
[2023-10-22 10:19:39,983][flwr][INFO] - FL finished in 70.88351304199999
[2023-10-22 10:19:39,983][flwr][INFO] - app_fit: losses_distributed [(1, 0.5600830912590027), (2, 0.4962710440158844), (3, 0.4507140517234802), (4, 0.4164039194583893), (5, 0.3937026858329773), (6, 0.3821505606174469), (7, 0.3746294379234314), (8, 0.3685443103313446), (9, 0.36218491196632385), (10, 0.3572515845298767)]
[2023-10-22 10:19:39,984][flwr][INFO] - app_fit: metrics_distributed_fit {}
[2023-10-22 10:19:39,984][flwr][INFO] - app_fit: metrics_distributed {'accuracy': [(1, 0.8182869414388371), (2, 0.8141736185677707), (3, 0.8169653919220285), (4, 0.8246634178574378), (5, 0.8402411827868176), (6, 0.8515073924176096), (7, 0.8526141901379367), (8, 0.8528619806723382), (9, 0.8529445775171388), (10, 0.8533740811101016)]}
[2023-10-22 10:19:39,984][flwr][INFO] - app_fit: losses_centralized []
[2023-10-22 10:19:39,984][flwr][INFO] - app_fit: metrics_centralized {}
