[2023-10-22 09:59:49,563][flwr][INFO] - Starting Flower server, config: ServerConfig(num_rounds=5, round_timeout=None)
[2023-10-22 09:59:49,578][flwr][INFO] - Flower ECE: gRPC server running (5 rounds), SSL is disabled
[2023-10-22 09:59:49,578][flwr][INFO] - Initializing global parameters
[2023-10-22 09:59:49,578][flwr][INFO] - Requesting initial parameters from one random client
[2023-10-22 09:59:52,387][flwr][INFO] - Received initial parameters from one random client
[2023-10-22 09:59:52,387][flwr][INFO] - Evaluating initial parameters
[2023-10-22 09:59:52,387][flwr][INFO] - FL starting
[2023-10-22 09:59:57,787][flwr][DEBUG] - fit_round 1: strategy sampled 2 clients (out of 2)
[2023-10-22 10:00:01,859][flwr][DEBUG] - fit_round 1 received 2 results and 0 failures
[2023-10-22 10:00:01,860][flwr][WARNING] - No fit_metrics_aggregation_fn provided
[2023-10-22 10:00:01,860][flwr][DEBUG] - evaluate_round 1: strategy sampled 2 clients (out of 2)
[2023-10-22 10:00:04,512][flwr][DEBUG] - evaluate_round 1 received 2 results and 0 failures
[2023-10-22 10:00:04,513][flwr][DEBUG] - fit_round 2: strategy sampled 2 clients (out of 2)
[2023-10-22 10:00:08,493][flwr][DEBUG] - fit_round 2 received 2 results and 0 failures
[2023-10-22 10:00:08,493][flwr][DEBUG] - evaluate_round 2: strategy sampled 2 clients (out of 2)
[2023-10-22 10:00:11,223][flwr][DEBUG] - evaluate_round 2 received 2 results and 0 failures
[2023-10-22 10:00:11,223][flwr][DEBUG] - fit_round 3: strategy sampled 2 clients (out of 2)
[2023-10-22 10:00:15,285][flwr][DEBUG] - fit_round 3 received 2 results and 0 failures
[2023-10-22 10:00:15,286][flwr][DEBUG] - evaluate_round 3: strategy sampled 2 clients (out of 2)
[2023-10-22 10:00:17,926][flwr][DEBUG] - evaluate_round 3 received 2 results and 0 failures
[2023-10-22 10:00:17,926][flwr][DEBUG] - fit_round 4: strategy sampled 2 clients (out of 2)
[2023-10-22 10:00:21,915][flwr][DEBUG] - fit_round 4 received 2 results and 0 failures
[2023-10-22 10:00:21,916][flwr][DEBUG] - evaluate_round 4: strategy sampled 2 clients (out of 2)
[2023-10-22 10:00:24,594][flwr][DEBUG] - evaluate_round 4 received 2 results and 0 failures
[2023-10-22 10:00:24,594][flwr][DEBUG] - fit_round 5: strategy sampled 2 clients (out of 2)
[2023-10-22 10:00:28,575][flwr][DEBUG] - fit_round 5 received 2 results and 0 failures
[2023-10-22 10:00:28,575][flwr][DEBUG] - evaluate_round 5: strategy sampled 2 clients (out of 2)
[2023-10-22 10:00:31,281][flwr][DEBUG] - evaluate_round 5 received 2 results and 0 failures
[2023-10-22 10:00:31,282][flwr][INFO] - FL finished in 38.895118958
[2023-10-22 10:00:31,282][flwr][INFO] - app_fit: losses_distributed [(1, 4.868555068969727), (2, 4.661113739013672), (3, 4.462045669555664), (4, 4.271162509918213), (5, 4.088146686553955)]
[2023-10-22 10:00:31,282][flwr][INFO] - app_fit: metrics_distributed_fit {}
[2023-10-22 10:00:31,282][flwr][INFO] - app_fit: metrics_distributed {'accuracy': [(1, 0.1472701742793425), (2, 0.1472701742793425), (3, 0.1472701742793425), (4, 0.1472701742793425), (5, 0.1472701742793425)]}
[2023-10-22 10:00:31,283][flwr][INFO] - app_fit: losses_centralized []
[2023-10-22 10:00:31,283][flwr][INFO] - app_fit: metrics_centralized {}
