[2023-10-22 10:40:26,926][flwr][INFO] - Starting Flower server, config: ServerConfig(num_rounds=10, round_timeout=None)
[2023-10-22 10:40:26,943][flwr][INFO] - Flower ECE: gRPC server running (10 rounds), SSL is disabled
[2023-10-22 10:40:26,943][flwr][INFO] - Initializing global parameters
[2023-10-22 10:40:26,943][flwr][INFO] - Requesting initial parameters from one random client
[2023-10-22 10:40:28,146][flwr][INFO] - Received initial parameters from one random client
[2023-10-22 10:40:28,146][flwr][INFO] - Evaluating initial parameters
[2023-10-22 10:40:28,146][flwr][INFO] - FL starting
[2023-10-22 10:40:29,634][flwr][DEBUG] - fit_round 1: strategy sampled 2 clients (out of 2)
[2023-10-22 10:40:33,673][flwr][DEBUG] - fit_round 1 received 2 results and 0 failures
[2023-10-22 10:40:33,673][flwr][WARNING] - No fit_metrics_aggregation_fn provided
[2023-10-22 10:40:33,674][flwr][DEBUG] - evaluate_round 1: strategy sampled 2 clients (out of 2)
[2023-10-22 10:40:36,356][flwr][DEBUG] - evaluate_round 1 received 2 results and 0 failures
[2023-10-22 10:40:36,357][flwr][DEBUG] - fit_round 2: strategy sampled 2 clients (out of 2)
[2023-10-22 10:40:40,364][flwr][DEBUG] - fit_round 2 received 2 results and 0 failures
[2023-10-22 10:40:40,364][flwr][DEBUG] - evaluate_round 2: strategy sampled 2 clients (out of 2)
[2023-10-22 10:40:43,023][flwr][DEBUG] - evaluate_round 2 received 2 results and 0 failures
[2023-10-22 10:40:43,023][flwr][DEBUG] - fit_round 3: strategy sampled 2 clients (out of 2)
[2023-10-22 10:40:47,037][flwr][DEBUG] - fit_round 3 received 2 results and 0 failures
[2023-10-22 10:40:47,037][flwr][DEBUG] - evaluate_round 3: strategy sampled 2 clients (out of 2)
[2023-10-22 10:40:49,700][flwr][DEBUG] - evaluate_round 3 received 2 results and 0 failures
[2023-10-22 10:40:49,700][flwr][DEBUG] - fit_round 4: strategy sampled 2 clients (out of 2)
[2023-10-22 10:40:53,689][flwr][DEBUG] - fit_round 4 received 2 results and 0 failures
[2023-10-22 10:40:53,689][flwr][DEBUG] - evaluate_round 4: strategy sampled 2 clients (out of 2)
[2023-10-22 10:40:56,367][flwr][DEBUG] - evaluate_round 4 received 2 results and 0 failures
[2023-10-22 10:40:56,367][flwr][DEBUG] - fit_round 5: strategy sampled 2 clients (out of 2)
[2023-10-22 10:41:00,334][flwr][DEBUG] - fit_round 5 received 2 results and 0 failures
[2023-10-22 10:41:00,335][flwr][DEBUG] - evaluate_round 5: strategy sampled 2 clients (out of 2)
[2023-10-22 10:41:03,013][flwr][DEBUG] - evaluate_round 5 received 2 results and 0 failures
[2023-10-22 10:41:03,013][flwr][DEBUG] - fit_round 6: strategy sampled 2 clients (out of 2)
[2023-10-22 10:41:07,028][flwr][DEBUG] - fit_round 6 received 2 results and 0 failures
[2023-10-22 10:41:07,028][flwr][DEBUG] - evaluate_round 6: strategy sampled 2 clients (out of 2)
[2023-10-22 10:41:09,656][flwr][DEBUG] - evaluate_round 6 received 2 results and 0 failures
[2023-10-22 10:41:09,656][flwr][DEBUG] - fit_round 7: strategy sampled 2 clients (out of 2)
[2023-10-22 10:41:13,655][flwr][DEBUG] - fit_round 7 received 2 results and 0 failures
[2023-10-22 10:41:13,656][flwr][DEBUG] - evaluate_round 7: strategy sampled 2 clients (out of 2)
[2023-10-22 10:41:16,343][flwr][DEBUG] - evaluate_round 7 received 2 results and 0 failures
[2023-10-22 10:41:16,343][flwr][DEBUG] - fit_round 8: strategy sampled 2 clients (out of 2)
[2023-10-22 10:41:20,572][flwr][DEBUG] - fit_round 8 received 2 results and 0 failures
[2023-10-22 10:41:20,573][flwr][DEBUG] - evaluate_round 8: strategy sampled 2 clients (out of 2)
[2023-10-22 10:41:23,428][flwr][DEBUG] - evaluate_round 8 received 2 results and 0 failures
[2023-10-22 10:41:23,429][flwr][DEBUG] - fit_round 9: strategy sampled 2 clients (out of 2)
[2023-10-22 10:41:27,662][flwr][DEBUG] - fit_round 9 received 2 results and 0 failures
[2023-10-22 10:41:27,663][flwr][DEBUG] - evaluate_round 9: strategy sampled 2 clients (out of 2)
[2023-10-22 10:41:30,420][flwr][DEBUG] - evaluate_round 9 received 2 results and 0 failures
[2023-10-22 10:41:30,420][flwr][DEBUG] - fit_round 10: strategy sampled 2 clients (out of 2)
[2023-10-22 10:41:34,924][flwr][DEBUG] - fit_round 10 received 2 results and 0 failures
[2023-10-22 10:41:34,925][flwr][DEBUG] - evaluate_round 10: strategy sampled 2 clients (out of 2)
[2023-10-22 10:41:38,352][flwr][DEBUG] - evaluate_round 10 received 2 results and 0 failures
[2023-10-22 10:41:38,352][flwr][INFO] - FL finished in 70.205398583
[2023-10-22 10:41:38,353][flwr][INFO] - app_fit: losses_distributed [(1, 2.655294418334961), (2, 2.222186803817749), (3, 1.798628330230713), (4, 1.4011310338974), (5, 1.051135540008545), (6, 0.7757370471954346), (7, 0.5905201435089111), (8, 0.48474177718162537), (9, 0.4358680546283722), (10, 0.41584673523902893)]
[2023-10-22 10:41:38,353][flwr][INFO] - app_fit: metrics_distributed_fit {}
[2023-10-22 10:41:38,353][flwr][INFO] - app_fit: metrics_distributed {'accuracy': [(1, 0.14727017427934253), (2, 0.14727017427934253), (3, 0.14735277112414305), (4, 0.15562897497315603), (5, 0.2480548443049476), (6, 0.5145948624762534), (7, 0.7472701742793425), (8, 0.8281655240769803), (9, 0.8476418600809449), (10, 0.8513752374659288)]}
[2023-10-22 10:41:38,353][flwr][INFO] - app_fit: losses_centralized []
[2023-10-22 10:41:38,353][flwr][INFO] - app_fit: metrics_centralized {}
