[2023-10-22 10:32:06,882][flwr][INFO] - Starting Flower server, config: ServerConfig(num_rounds=10, round_timeout=None)
[2023-10-22 10:32:06,896][flwr][INFO] - Flower ECE: gRPC server running (10 rounds), SSL is disabled
[2023-10-22 10:32:06,897][flwr][INFO] - Initializing global parameters
[2023-10-22 10:32:06,897][flwr][INFO] - Requesting initial parameters from one random client
[2023-10-22 10:33:24,328][flwr][INFO] - Received initial parameters from one random client
[2023-10-22 10:33:24,329][flwr][INFO] - Evaluating initial parameters
[2023-10-22 10:33:24,329][flwr][INFO] - FL starting
[2023-10-22 10:33:28,848][flwr][DEBUG] - fit_round 1: strategy sampled 2 clients (out of 2)
[2023-10-22 10:33:32,964][flwr][DEBUG] - fit_round 1 received 2 results and 0 failures
[2023-10-22 10:33:32,965][flwr][WARNING] - No fit_metrics_aggregation_fn provided
[2023-10-22 10:33:32,965][flwr][DEBUG] - evaluate_round 1: strategy sampled 2 clients (out of 2)
[2023-10-22 10:33:35,666][flwr][DEBUG] - evaluate_round 1 received 2 results and 0 failures
[2023-10-22 10:33:35,666][flwr][DEBUG] - fit_round 2: strategy sampled 2 clients (out of 2)
[2023-10-22 10:33:39,823][flwr][DEBUG] - fit_round 2 received 2 results and 0 failures
[2023-10-22 10:33:39,823][flwr][DEBUG] - evaluate_round 2: strategy sampled 2 clients (out of 2)
[2023-10-22 10:33:42,699][flwr][DEBUG] - evaluate_round 2 received 2 results and 0 failures
[2023-10-22 10:33:42,699][flwr][DEBUG] - fit_round 3: strategy sampled 2 clients (out of 2)
[2023-10-22 10:33:46,731][flwr][DEBUG] - fit_round 3 received 2 results and 0 failures
[2023-10-22 10:33:46,732][flwr][DEBUG] - evaluate_round 3: strategy sampled 2 clients (out of 2)
[2023-10-22 10:33:49,627][flwr][DEBUG] - evaluate_round 3 received 2 results and 0 failures
[2023-10-22 10:33:49,627][flwr][DEBUG] - fit_round 4: strategy sampled 2 clients (out of 2)
[2023-10-22 10:33:54,355][flwr][DEBUG] - fit_round 4 received 2 results and 0 failures
[2023-10-22 10:33:54,356][flwr][DEBUG] - evaluate_round 4: strategy sampled 2 clients (out of 2)
[2023-10-22 10:33:57,091][flwr][DEBUG] - evaluate_round 4 received 2 results and 0 failures
[2023-10-22 10:33:57,091][flwr][DEBUG] - fit_round 5: strategy sampled 2 clients (out of 2)
[2023-10-22 10:34:01,465][flwr][DEBUG] - fit_round 5 received 2 results and 0 failures
[2023-10-22 10:34:01,465][flwr][DEBUG] - evaluate_round 5: strategy sampled 2 clients (out of 2)
[2023-10-22 10:34:04,192][flwr][DEBUG] - evaluate_round 5 received 2 results and 0 failures
[2023-10-22 10:34:04,192][flwr][DEBUG] - fit_round 6: strategy sampled 2 clients (out of 2)
[2023-10-22 10:34:08,241][flwr][DEBUG] - fit_round 6 received 2 results and 0 failures
[2023-10-22 10:34:08,241][flwr][DEBUG] - evaluate_round 6: strategy sampled 2 clients (out of 2)
[2023-10-22 10:34:11,203][flwr][DEBUG] - evaluate_round 6 received 2 results and 0 failures
[2023-10-22 10:34:11,203][flwr][DEBUG] - fit_round 7: strategy sampled 2 clients (out of 2)
[2023-10-22 10:34:15,614][flwr][DEBUG] - fit_round 7 received 2 results and 0 failures
[2023-10-22 10:34:15,615][flwr][DEBUG] - evaluate_round 7: strategy sampled 2 clients (out of 2)
[2023-10-22 10:34:18,397][flwr][DEBUG] - evaluate_round 7 received 2 results and 0 failures
[2023-10-22 10:34:18,398][flwr][DEBUG] - fit_round 8: strategy sampled 2 clients (out of 2)
[2023-10-22 10:34:22,463][flwr][DEBUG] - fit_round 8 received 2 results and 0 failures
[2023-10-22 10:34:22,464][flwr][DEBUG] - evaluate_round 8: strategy sampled 2 clients (out of 2)
[2023-10-22 10:34:25,179][flwr][DEBUG] - evaluate_round 8 received 2 results and 0 failures
[2023-10-22 10:34:25,179][flwr][DEBUG] - fit_round 9: strategy sampled 2 clients (out of 2)
[2023-10-22 10:34:29,251][flwr][DEBUG] - fit_round 9 received 2 results and 0 failures
[2023-10-22 10:34:29,251][flwr][DEBUG] - evaluate_round 9: strategy sampled 2 clients (out of 2)
[2023-10-22 10:34:31,943][flwr][DEBUG] - evaluate_round 9 received 2 results and 0 failures
[2023-10-22 10:34:31,943][flwr][DEBUG] - fit_round 10: strategy sampled 2 clients (out of 2)
[2023-10-22 10:34:36,121][flwr][DEBUG] - fit_round 10 received 2 results and 0 failures
[2023-10-22 10:34:36,122][flwr][DEBUG] - evaluate_round 10: strategy sampled 2 clients (out of 2)
[2023-10-22 10:34:38,975][flwr][DEBUG] - evaluate_round 10 received 2 results and 0 failures
[2023-10-22 10:34:38,975][flwr][INFO] - FL finished in 74.646869083
[2023-10-22 10:34:38,976][flwr][INFO] - app_fit: losses_distributed [(1, 2.8243579864501953), (2, 2.5441765785217285), (3, 2.2735469341278076), (4, 2.0050742626190186), (5, 1.742796778678894), (6, 1.492014765739441), (7, 1.25760018825531), (8, 1.04518461227417), (9, 0.8628273010253906), (10, 0.714990496635437)]
[2023-10-22 10:34:38,976][flwr][INFO] - app_fit: metrics_distributed_fit {}
[2023-10-22 10:34:38,976][flwr][INFO] - app_fit: metrics_distributed {'accuracy': [(1, 0.14727017427934253), (2, 0.14727017427934253), (3, 0.14727017427934253), (4, 0.14728669364830263), (5, 0.1475179648137441), (6, 0.15090443545056578), (7, 0.17333773849838935), (8, 0.2514247955728091), (9, 0.40784670025605024), (10, 0.5945651276121252)]}
[2023-10-22 10:34:38,976][flwr][INFO] - app_fit: losses_centralized []
[2023-10-22 10:34:38,976][flwr][INFO] - app_fit: metrics_centralized {}
